<?xml version="1.0" encoding="UTF-8"?>
<testsuite name="JsonParseTest" tests="4" skipped="0" failures="0" errors="0" timestamp="2024-09-25T04:05:37" hostname="Tyler" time="0.048">
  <properties/>
  <testcase name="readValidWordsFile[desktop]" classname="JsonParseTest" time="0.016"/>
  <testcase name="readWordSelectionFile[desktop]" classname="JsonParseTest" time="0.0"/>
  <testcase name="parseWordSelection[desktop]" classname="JsonParseTest" time="0.024"/>
  <testcase name="parseValidWords[desktop]" classname="JsonParseTest" time="0.007"/>
  <system-out><![CDATA[]]></system-out>
  <system-err><![CDATA[]]></system-err>
</testsuite>
